<?xml version="1.0" encoding="UTF-8"?>
<testng-results skipped="0" failed="0" ignored="0" total="1" passed="1">
  <reporter-output>
  </reporter-output>
  <suite name="Default suite" duration-ms="6709" started-at="2019-02-10T12:03:47Z" finished-at="2019-02-10T12:03:54Z">
    <groups>
    </groups>
    <test name="Default test" duration-ms="6709" started-at="2019-02-10T12:03:47Z" finished-at="2019-02-10T12:03:54Z">
      <class name="com.test.apitesting.CreateCustomer">
        <test-method status="PASS" signature="createCustomer()[pri:0, instance:com.test.apitesting.CreateCustomer@61832929]" name="createCustomer" duration-ms="6630" started-at="2019-02-10T12:03:47Z" finished-at="2019-02-10T12:03:54Z">
          <reporter-output>
          </reporter-output>
        </test-method> <!-- createCustomer -->
      </class> <!-- com.test.apitesting.CreateCustomer -->
    </test> <!-- Default test -->
  </suite> <!-- Default suite -->
</testng-results>
